<?xml version="1.0" encoding="UTF-8"?>
<!-- Generated by org.testng.reporters.JUnitReportReporter -->
<testsuite hostname="Atillas-MacBook-Pro.local" failures="0" tests="2" name="scripts._01_AppleTest" time="9.826" errors="0" timestamp="2022-06-11T15:44:13 EDT" skipped="1">
  <testcase classname="scripts._01_AppleTest" name="testAppleURL" time="9.826"/>
  <system-out/>
  <testcase classname="scripts._01_AppleTest" name="X">
    <skipped/>
  </testcase> <!-- X -->
  <system-out/>
</testsuite> <!-- scripts._01_AppleTest -->
