<?xml version="1.0" encoding="UTF-8"?>
<!-- Generated by org.testng.reporters.JUnitReportReporter -->
<testsuite hostname="Atillas-MacBook-Pro.local" failures="0" tests="1" name="scripts._05_CheckBoxTest" time="11.500" errors="0" timestamp="2022-06-11T15:44:13 EDT" skipped="0">
  <testcase classname="scripts._05_CheckBoxTest" name="testCheckBoxInHeroApp" time="11.500"/>
  <system-out/>
</testsuite> <!-- scripts._05_CheckBoxTest -->
