<?xml version="1.0" encoding="UTF-8"?>
<!-- Generated by org.testng.reporters.JUnitReportReporter -->
<testsuite hostname="Atillas-MacBook-Pro.local" failures="0" tests="7" name="scripts._12_Actions_Class" time="74.376" errors="0" timestamp="2022-06-11T15:44:13 EDT" skipped="0">
  <testcase classname="scripts._12_Actions_Class" name="moveToElementPractice1" time="10.000"/>
  <system-out/>
  <testcase classname="scripts._12_Actions_Class" name="moveToElementPractice2" time="17.939"/>
  <system-out/>
  <testcase classname="scripts._12_Actions_Class" name="clickOnElementPractice" time="8.308"/>
  <system-out/>
  <testcase classname="scripts._12_Actions_Class" name="rightClickPractice" time="6.318"/>
  <system-out/>
  <testcase classname="scripts._12_Actions_Class" name="clickHoldAndReleasePractice" time="11.764"/>
  <system-out/>
  <testcase classname="scripts._12_Actions_Class" name="sendKeysToAnElement" time="5.948"/>
  <system-out/>
  <testcase classname="scripts._12_Actions_Class" name="practiceKeyDownAndKeyUp" time="14.099"/>
  <system-out/>
</testsuite> <!-- scripts._12_Actions_Class -->
