<?xml version="1.0" encoding="UTF-8"?>
<!-- Generated by org.testng.reporters.JUnitReportReporter -->
<testsuite hostname="Atillas-MacBook-Pro.local" failures="0" tests="1" name="scripts._06_RadioButtonTest" time="7.366" errors="0" timestamp="2022-06-11T15:44:13 EDT" skipped="0">
  <testcase classname="scripts._06_RadioButtonTest" name="testFacebookGenderRadioButtons" time="7.366"/>
  <system-out/>
</testsuite> <!-- scripts._06_RadioButtonTest -->
